<?xml version="1.0" encoding="UTF-8"?>
<!-- Generated by org.testng.reporters.JUnitReportReporter -->
<testsuite skipped="0" hostname="RMM-LT-753" name="com.Cont.test.TestCases1" tests="1" failures="0" timestamp="26 Jul 2019 06:21:15 GMT" time="0.004" errors="0">
  <testcase name="jenkinsLogsVerification" time="0.004" classname="com.Cont.test.TestCases1"/>
</testsuite> <!-- com.Cont.test.TestCases1 -->
